{"/Users/moulitapadar/Food-Express/src/RTStore/appStore.js": {"path":"/Users/moulitapadar/Food-Express/src/RTStore/appStore.js","statementMap":{"0":{"start":{"line":4,"column":17},"end":{"line":10,"column":2}}},"fnMap":{},"branchMap":{},"s":{"0":1},"f":{},"b":{},"_coverageSchema":"1a1c01bbd47fc00a2c39e90264f33305004495a9","hash":"bd40fe1e16b60d7c89840d65a13d9dae004a0d03"}
,"/Users/moulitapadar/Food-Express/src/RTStore/cartSlice.js": {"path":"/Users/moulitapadar/Food-Express/src/RTStore/cartSlice.js","statementMap":{"0":{"start":{"line":3,"column":18},"end":{"line":22,"column":2}},"1":{"start":{"line":13,"column":12},"end":{"line":13,"column":45}},"2":{"start":{"line":16,"column":12},"end":{"line":16,"column":30}},"3":{"start":{"line":19,"column":12},"end":{"line":19,"column":35}},"4":{"start":{"line":24,"column":48},"end":{"line":24,"column":65}}},"fnMap":{"0":{"name":"(anonymous_0)","decl":{"start":{"line":12,"column":17},"end":{"line":12,"column":18}},"loc":{"start":{"line":12,"column":36},"end":{"line":14,"column":9}},"line":12},"1":{"name":"(anonymous_1)","decl":{"start":{"line":15,"column":20},"end":{"line":15,"column":21}},"loc":{"start":{"line":15,"column":29},"end":{"line":17,"column":9}},"line":15},"2":{"name":"(anonymous_2)","decl":{"start":{"line":18,"column":19},"end":{"line":18,"column":20}},"loc":{"start":{"line":18,"column":29},"end":{"line":20,"column":9}},"line":18}},"branchMap":{},"s":{"0":1,"1":0,"2":0,"3":0,"4":1},"f":{"0":0,"1":0,"2":0},"b":{},"_coverageSchema":"1a1c01bbd47fc00a2c39e90264f33305004495a9","hash":"899c6048995256d74eb34ac9f9be6c34b078bcd2"}
,"/Users/moulitapadar/Food-Express/src/components/ContactUs.js": {"path":"/Users/moulitapadar/Food-Express/src/components/ContactUs.js","statementMap":{"0":{"start":{"line":4,"column":16},"end":{"line":45,"column":1}},"1":{"start":{"line":5,"column":36},"end":{"line":5,"column":69}},"2":{"start":{"line":7,"column":25},"end":{"line":9,"column":5}},"3":{"start":{"line":8,"column":8},"end":{"line":8,"column":70}},"4":{"start":{"line":11,"column":25},"end":{"line":15,"column":5}},"5":{"start":{"line":12,"column":8},"end":{"line":12,"column":27}},"6":{"start":{"line":13,"column":8},"end":{"line":13,"column":71}},"7":{"start":{"line":14,"column":8},"end":{"line":14,"column":45}},"8":{"start":{"line":17,"column":4},"end":{"line":44,"column":6}}},"fnMap":{"0":{"name":"(anonymous_0)","decl":{"start":{"line":4,"column":16},"end":{"line":4,"column":17}},"loc":{"start":{"line":4,"column":22},"end":{"line":45,"column":1}},"line":4},"1":{"name":"(anonymous_1)","decl":{"start":{"line":7,"column":25},"end":{"line":7,"column":26}},"loc":{"start":{"line":7,"column":32},"end":{"line":9,"column":5}},"line":7},"2":{"name":"(anonymous_2)","decl":{"start":{"line":11,"column":25},"end":{"line":11,"column":26}},"loc":{"start":{"line":11,"column":32},"end":{"line":15,"column":5}},"line":11}},"branchMap":{},"s":{"0":1,"1":1,"2":1,"3":0,"4":1,"5":0,"6":0,"7":0,"8":1},"f":{"0":1,"1":0,"2":0},"b":{},"_coverageSchema":"1a1c01bbd47fc00a2c39e90264f33305004495a9","hash":"37fa59dbe740de5842965ed6654c14e78adf21de"}
,"/Users/moulitapadar/Food-Express/src/components/Header.js": {"path":"/Users/moulitapadar/Food-Express/src/components/Header.js","statementMap":{"0":{"start":{"line":8,"column":15},"end":{"line":79,"column":1}},"1":{"start":{"line":9,"column":44},"end":{"line":9,"column":62}},"2":{"start":{"line":11,"column":27},"end":{"line":11,"column":50}},"3":{"start":{"line":16,"column":22},"end":{"line":16,"column":56}},"4":{"start":{"line":16,"column":45},"end":{"line":16,"column":55}},"5":{"start":{"line":17,"column":4},"end":{"line":17,"column":42}},"6":{"start":{"line":19,"column":22},"end":{"line":19,"column":54}},"7":{"start":{"line":20,"column":4},"end":{"line":20,"column":42}},"8":{"start":{"line":22,"column":4},"end":{"line":78,"column":6}},"9":{"start":{"line":35,"column":24},"end":{"line":35,"column":107}},"10":{"start":{"line":43,"column":24},"end":{"line":43,"column":107}},"11":{"start":{"line":51,"column":24},"end":{"line":51,"column":107}},"12":{"start":{"line":70,"column":35},"end":{"line":70,"column":100}}},"fnMap":{"0":{"name":"(anonymous_0)","decl":{"start":{"line":8,"column":15},"end":{"line":8,"column":16}},"loc":{"start":{"line":8,"column":21},"end":{"line":79,"column":1}},"line":8},"1":{"name":"(anonymous_1)","decl":{"start":{"line":16,"column":34},"end":{"line":16,"column":35}},"loc":{"start":{"line":16,"column":45},"end":{"line":16,"column":55}},"line":16},"2":{"name":"(anonymous_2)","decl":{"start":{"line":34,"column":31},"end":{"line":34,"column":32}},"loc":{"start":{"line":35,"column":24},"end":{"line":35,"column":107}},"line":35},"3":{"name":"(anonymous_3)","decl":{"start":{"line":42,"column":31},"end":{"line":42,"column":32}},"loc":{"start":{"line":43,"column":24},"end":{"line":43,"column":107}},"line":43},"4":{"name":"(anonymous_4)","decl":{"start":{"line":50,"column":31},"end":{"line":50,"column":32}},"loc":{"start":{"line":51,"column":24},"end":{"line":51,"column":107}},"line":51},"5":{"name":"(anonymous_5)","decl":{"start":{"line":70,"column":29},"end":{"line":70,"column":30}},"loc":{"start":{"line":70,"column":35},"end":{"line":70,"column":100}},"line":70}},"branchMap":{"0":{"loc":{"start":{"line":19,"column":22},"end":{"line":19,"column":54}},"type":"cond-expr","locations":[{"start":{"line":19,"column":34},"end":{"line":19,"column":49}},{"start":{"line":19,"column":52},"end":{"line":19,"column":54}}],"line":19},"1":{"loc":{"start":{"line":35,"column":24},"end":{"line":35,"column":107}},"type":"cond-expr","locations":[{"start":{"line":35,"column":35},"end":{"line":35,"column":71}},{"start":{"line":35,"column":74},"end":{"line":35,"column":107}}],"line":35},"2":{"loc":{"start":{"line":43,"column":24},"end":{"line":43,"column":107}},"type":"cond-expr","locations":[{"start":{"line":43,"column":35},"end":{"line":43,"column":71}},{"start":{"line":43,"column":74},"end":{"line":43,"column":107}}],"line":43},"3":{"loc":{"start":{"line":51,"column":24},"end":{"line":51,"column":107}},"type":"cond-expr","locations":[{"start":{"line":51,"column":35},"end":{"line":51,"column":71}},{"start":{"line":51,"column":74},"end":{"line":51,"column":107}}],"line":51},"4":{"loc":{"start":{"line":70,"column":51},"end":{"line":70,"column":99}},"type":"cond-expr","locations":[{"start":{"line":70,"column":79},"end":{"line":70,"column":88}},{"start":{"line":70,"column":91},"end":{"line":70,"column":99}}],"line":70}},"s":{"0":1,"1":4,"2":4,"3":4,"4":7,"5":4,"6":4,"7":4,"8":4,"9":4,"10":4,"11":4,"12":1},"f":{"0":4,"1":7,"2":4,"3":4,"4":4,"5":1},"b":{"0":[4,0],"1":[4,0],"2":[0,4],"3":[0,4],"4":[1,0]},"_coverageSchema":"1a1c01bbd47fc00a2c39e90264f33305004495a9","hash":"ce14c2036c47398098af04c22270cb50115df5fd"}
,"/Users/moulitapadar/Food-Express/src/components/Sum.js": {"path":"/Users/moulitapadar/Food-Express/src/components/Sum.js","statementMap":{"0":{"start":{"line":1,"column":19},"end":{"line":3,"column":1}},"1":{"start":{"line":2,"column":4},"end":{"line":2,"column":17}}},"fnMap":{"0":{"name":"(anonymous_0)","decl":{"start":{"line":1,"column":19},"end":{"line":1,"column":20}},"loc":{"start":{"line":1,"column":28},"end":{"line":3,"column":1}},"line":1}},"branchMap":{},"s":{"0":1,"1":1},"f":{"0":1},"b":{},"_coverageSchema":"1a1c01bbd47fc00a2c39e90264f33305004495a9","hash":"2750bdaf00b720086b05d8dbe3387e454ed4c3b8"}
,"/Users/moulitapadar/Food-Express/src/utils/constants.js": {"path":"/Users/moulitapadar/Food-Express/src/utils/constants.js","statementMap":{"0":{"start":{"line":1,"column":24},"end":{"line":1,"column":86}},"1":{"start":{"line":4,"column":0},"end":{"line":4,"column":123}}},"fnMap":{},"branchMap":{},"s":{"0":1,"1":1},"f":{},"b":{},"_coverageSchema":"1a1c01bbd47fc00a2c39e90264f33305004495a9","hash":"0cb8c9140311bed7f3a9efdca03f96a3b1cc7308"}
,"/Users/moulitapadar/Food-Express/src/utils/userContext.js": {"path":"/Users/moulitapadar/Food-Express/src/utils/userContext.js","statementMap":{"0":{"start":{"line":3,"column":20},"end":{"line":5,"column":2}}},"fnMap":{},"branchMap":{},"s":{"0":1},"f":{},"b":{},"_coverageSchema":"1a1c01bbd47fc00a2c39e90264f33305004495a9","hash":"c5139be5598b38e3ac569dbc0e8ed7f824866c33"}
}
