TN:
SF:src/RTStore/appStore.js
FNF:0
FNH:0
DA:4,1
LF:1
LH:1
BRF:0
BRH:0
end_of_record
TN:
SF:src/RTStore/cartSlice.js
FN:12,(anonymous_0)
FN:15,(anonymous_1)
FN:18,(anonymous_2)
FNF:3
FNH:0
FNDA:0,(anonymous_0)
FNDA:0,(anonymous_1)
FNDA:0,(anonymous_2)
DA:3,1
DA:13,0
DA:16,0
DA:19,0
DA:24,1
LF:5
LH:2
BRF:0
BRH:0
end_of_record
TN:
SF:src/components/ContactUs.js
FN:4,(anonymous_0)
FN:7,(anonymous_1)
FN:11,(anonymous_2)
FNF:3
FNH:1
FNDA:1,(anonymous_0)
FNDA:0,(anonymous_1)
FNDA:0,(anonymous_2)
DA:4,1
DA:5,1
DA:7,1
DA:8,0
DA:11,1
DA:12,0
DA:13,0
DA:14,0
DA:17,1
LF:9
LH:5
BRF:0
BRH:0
end_of_record
TN:
SF:src/components/Header.js
FN:8,(anonymous_0)
FN:16,(anonymous_1)
FN:34,(anonymous_2)
FN:42,(anonymous_3)
FN:50,(anonymous_4)
FN:70,(anonymous_5)
FNF:6
FNH:6
FNDA:4,(anonymous_0)
FNDA:7,(anonymous_1)
FNDA:4,(anonymous_2)
FNDA:4,(anonymous_3)
FNDA:4,(anonymous_4)
FNDA:1,(anonymous_5)
DA:8,1
DA:9,4
DA:11,4
DA:16,7
DA:17,4
DA:19,4
DA:20,4
DA:22,4
DA:35,4
DA:43,4
DA:51,4
DA:70,1
LF:12
LH:12
BRDA:19,0,0,4
BRDA:19,0,1,0
BRDA:35,1,0,4
BRDA:35,1,1,0
BRDA:43,2,0,0
BRDA:43,2,1,4
BRDA:51,3,0,0
BRDA:51,3,1,4
BRDA:70,4,0,1
BRDA:70,4,1,0
BRF:10
BRH:5
end_of_record
TN:
SF:src/components/Sum.js
FN:1,(anonymous_0)
FNF:1
FNH:1
FNDA:1,(anonymous_0)
DA:1,1
DA:2,1
LF:2
LH:2
BRF:0
BRH:0
end_of_record
TN:
SF:src/utils/constants.js
FNF:0
FNH:0
DA:1,1
DA:4,1
LF:2
LH:2
BRF:0
BRH:0
end_of_record
TN:
SF:src/utils/userContext.js
FNF:0
FNH:0
DA:3,1
LF:1
LH:1
BRF:0
BRH:0
end_of_record
